<?xml version="1.0" encoding="UTF-8"?>
<coverage generated="1670078723958" clover="3.2.0">
  <project timestamp="1670078723958" name="All files">
    <metrics statements="37" coveredstatements="35" conditionals="8" coveredconditionals="5" methods="7" coveredmethods="7" elements="52" coveredelements="47" complexity="0" loc="37" ncloc="37" packages="2" files="6" classes="6"/>
    <package name="components">
      <metrics statements="17" coveredstatements="17" conditionals="0" coveredconditionals="0" methods="3" coveredmethods="3"/>
      <file name="LinearGradient.tsx" path="/Users/anton/coding/libraries/react-text-gradient/react-text-gradient/src/components/LinearGradient.tsx">
        <metrics statements="6" coveredstatements="6" conditionals="0" coveredconditionals="0" methods="1" coveredmethods="1"/>
        <line num="1" count="2" type="stmt"/>
        <line num="2" count="2" type="stmt"/>
        <line num="4" count="2" type="stmt"/>
        <line num="6" count="2" type="stmt"/>
        <line num="12" count="2" type="stmt"/>
        <line num="16" count="2" type="stmt"/>
      </file>
      <file name="RadialGradient.tsx" path="/Users/anton/coding/libraries/react-text-gradient/react-text-gradient/src/components/RadialGradient.tsx">
        <metrics statements="6" coveredstatements="6" conditionals="0" coveredconditionals="0" methods="1" coveredmethods="1"/>
        <line num="1" count="2" type="stmt"/>
        <line num="2" count="2" type="stmt"/>
        <line num="4" count="2" type="stmt"/>
        <line num="6" count="2" type="stmt"/>
        <line num="12" count="2" type="stmt"/>
        <line num="16" count="2" type="stmt"/>
      </file>
      <file name="Span.tsx" path="/Users/anton/coding/libraries/react-text-gradient/react-text-gradient/src/components/Span.tsx">
        <metrics statements="3" coveredstatements="3" conditionals="0" coveredconditionals="0" methods="1" coveredmethods="1"/>
        <line num="1" count="2" type="stmt"/>
        <line num="4" count="2" type="stmt"/>
        <line num="8" count="4" type="stmt"/>
      </file>
      <file name="index.ts" path="/Users/anton/coding/libraries/react-text-gradient/react-text-gradient/src/components/index.ts">
        <metrics statements="2" coveredstatements="2" conditionals="0" coveredconditionals="0" methods="0" coveredmethods="0"/>
        <line num="1" count="2" type="stmt"/>
        <line num="2" count="2" type="stmt"/>
      </file>
    </package>
    <package name="helpers">
      <metrics statements="20" coveredstatements="18" conditionals="8" coveredconditionals="5" methods="4" coveredmethods="4"/>
      <file name="index.ts" path="/Users/anton/coding/libraries/react-text-gradient/react-text-gradient/src/helpers/index.ts">
        <metrics statements="1" coveredstatements="1" conditionals="0" coveredconditionals="0" methods="0" coveredmethods="0"/>
        <line num="1" count="3" type="stmt"/>
      </file>
      <file name="transformGradient.ts" path="/Users/anton/coding/libraries/react-text-gradient/react-text-gradient/src/helpers/transformGradient.ts">
        <metrics statements="19" coveredstatements="17" conditionals="8" coveredconditionals="5" methods="4" coveredmethods="4"/>
        <line num="3" count="3" type="stmt"/>
        <line num="16" count="3" type="stmt"/>
        <line num="22" count="3" type="stmt"/>
        <line num="23" count="14" type="cond" truecount="2" falsecount="0"/>
        <line num="27" count="3" type="stmt"/>
        <line num="28" count="4" type="cond" truecount="0" falsecount="1"/>
        <line num="29" count="0" type="stmt"/>
        <line num="32" count="4" type="stmt"/>
        <line num="38" count="3" type="stmt"/>
        <line num="39" count="10" type="stmt"/>
        <line num="40" count="10" type="cond" truecount="1" falsecount="1"/>
        <line num="42" count="10" type="cond" truecount="0" falsecount="1"/>
        <line num="43" count="0" type="stmt"/>
        <line num="46" count="10" type="stmt"/>
        <line num="52" count="3" type="stmt"/>
        <line num="57" count="14" type="cond" truecount="1" falsecount="0"/>
        <line num="58" count="4" type="stmt"/>
        <line num="59" count="10" type="cond" truecount="1" falsecount="0"/>
        <line num="60" count="10" type="stmt"/>
      </file>
    </package>
  </project>
</coverage>
