{"/Users/anton/coding/libraries/react-text-gradient/react-text-gradient/src/components/LinearGradient.tsx": {"path":"/Users/anton/coding/libraries/react-text-gradient/react-text-gradient/src/components/LinearGradient.tsx","statementMap":{"0":{"start":{"line":1,"column":0},"end":{"line":1,"column":31}},"1":{"start":{"line":2,"column":0},"end":{"line":2,"column":45}},"2":{"start":{"line":4,"column":0},"end":{"line":4,"column":30}},"3":{"start":{"line":6,"column":30},"end":{"line":21,"column":1}},"4":{"start":{"line":12,"column":16},"end":{"line":15,"column":4}},"5":{"start":{"line":16,"column":2},"end":{"line":20,"column":4}},"6":{"start":{"line":6,"column":13},"end":{"line":6,"column":30}}},"fnMap":{"0":{"name":"(anonymous_0)","decl":{"start":{"line":6,"column":30},"end":{"line":6,"column":31}},"loc":{"start":{"line":11,"column":26},"end":{"line":21,"column":1}}}},"branchMap":{},"s":{"0":2,"1":2,"2":2,"3":2,"4":2,"5":2,"6":2},"f":{"0":2},"b":{}}
,"/Users/anton/coding/libraries/react-text-gradient/react-text-gradient/src/components/RadialGradient.tsx": {"path":"/Users/anton/coding/libraries/react-text-gradient/react-text-gradient/src/components/RadialGradient.tsx","statementMap":{"0":{"start":{"line":1,"column":0},"end":{"line":1,"column":31}},"1":{"start":{"line":2,"column":0},"end":{"line":2,"column":45}},"2":{"start":{"line":4,"column":0},"end":{"line":4,"column":30}},"3":{"start":{"line":6,"column":30},"end":{"line":21,"column":1}},"4":{"start":{"line":12,"column":16},"end":{"line":15,"column":4}},"5":{"start":{"line":16,"column":2},"end":{"line":20,"column":4}},"6":{"start":{"line":6,"column":13},"end":{"line":6,"column":30}}},"fnMap":{"0":{"name":"(anonymous_0)","decl":{"start":{"line":6,"column":30},"end":{"line":6,"column":31}},"loc":{"start":{"line":11,"column":26},"end":{"line":21,"column":1}}}},"branchMap":{},"s":{"0":2,"1":2,"2":2,"3":2,"4":2,"5":2,"6":2},"f":{"0":2},"b":{}}
,"/Users/anton/coding/libraries/react-text-gradient/react-text-gradient/src/components/Span.tsx": {"path":"/Users/anton/coding/libraries/react-text-gradient/react-text-gradient/src/components/Span.tsx","statementMap":{"0":{"start":{"line":1,"column":0},"end":{"line":1,"column":31}},"1":{"start":{"line":4,"column":20},"end":{"line":8,"column":null}},"2":{"start":{"line":8,"column":2},"end":{"line":8,"column":35}},"3":{"start":{"line":4,"column":13},"end":{"line":4,"column":20}}},"fnMap":{"0":{"name":"(anonymous_0)","decl":{"start":{"line":4,"column":20},"end":{"line":4,"column":21}},"loc":{"start":{"line":8,"column":2},"end":{"line":8,"column":35}}}},"branchMap":{},"s":{"0":2,"1":2,"2":4,"3":2},"f":{"0":4},"b":{}}
,"/Users/anton/coding/libraries/react-text-gradient/react-text-gradient/src/components/index.ts": {"path":"/Users/anton/coding/libraries/react-text-gradient/react-text-gradient/src/components/index.ts","statementMap":{"0":{"start":{"line":1,"column":0},"end":{"line":1,"column":33}},"1":{"start":{"line":2,"column":0},"end":{"line":2,"column":33}}},"fnMap":{},"branchMap":{},"s":{"0":2,"1":2},"f":{},"b":{}}
,"/Users/anton/coding/libraries/react-text-gradient/react-text-gradient/src/helpers/index.ts": {"path":"/Users/anton/coding/libraries/react-text-gradient/react-text-gradient/src/helpers/index.ts","statementMap":{"0":{"start":{"line":1,"column":0},"end":{"line":1,"column":36}}},"fnMap":{},"branchMap":{},"s":{"0":3},"f":{},"b":{}}
,"/Users/anton/coding/libraries/react-text-gradient/react-text-gradient/src/helpers/transformGradient.ts": {"path":"/Users/anton/coding/libraries/react-text-gradient/react-text-gradient/src/helpers/transformGradient.ts","statementMap":{"0":{"start":{"line":3,"column":13},"end":{"line":12,"column":null}},"1":{"start":{"line":16,"column":13},"end":{"line":20,"column":null}},"2":{"start":{"line":22,"column":24},"end":{"line":25,"column":19}},"3":{"start":{"line":23,"column":2},"end":{"line":25,"column":19}},"4":{"start":{"line":27,"column":29},"end":{"line":36,"column":1}},"5":{"start":{"line":28,"column":2},"end":{"line":31,"column":null}},"6":{"start":{"line":29,"column":4},"end":{"line":31,"column":null}},"7":{"start":{"line":32,"column":2},"end":{"line":35,"column":null}},"8":{"start":{"line":27,"column":13},"end":{"line":27,"column":29}},"9":{"start":{"line":38,"column":29},"end":{"line":50,"column":1}},"10":{"start":{"line":39,"column":24},"end":{"line":39,"column":32}},"11":{"start":{"line":40,"column":20},"end":{"line":40,"column":57}},"12":{"start":{"line":42,"column":2},"end":{"line":45,"column":null}},"13":{"start":{"line":43,"column":4},"end":{"line":45,"column":null}},"14":{"start":{"line":46,"column":2},"end":{"line":49,"column":null}},"15":{"start":{"line":38,"column":13},"end":{"line":38,"column":29}},"16":{"start":{"line":52,"column":31},"end":{"line":61,"column":1}},"17":{"start":{"line":57,"column":2},"end":{"line":58,"column":null}},"18":{"start":{"line":58,"column":4},"end":{"line":58,"column":null}},"19":{"start":{"line":59,"column":2},"end":{"line":60,"column":null}},"20":{"start":{"line":60,"column":4},"end":{"line":60,"column":null}},"21":{"start":{"line":52,"column":13},"end":{"line":52,"column":31}}},"fnMap":{"0":{"name":"(anonymous_0)","decl":{"start":{"line":22,"column":24},"end":{"line":22,"column":25}},"loc":{"start":{"line":23,"column":2},"end":{"line":25,"column":19}}},"1":{"name":"(anonymous_1)","decl":{"start":{"line":27,"column":29},"end":{"line":27,"column":30}},"loc":{"start":{"line":27,"column":74},"end":{"line":36,"column":1}}},"2":{"name":"(anonymous_2)","decl":{"start":{"line":38,"column":29},"end":{"line":38,"column":30}},"loc":{"start":{"line":38,"column":74},"end":{"line":50,"column":1}}},"3":{"name":"(anonymous_3)","decl":{"start":{"line":52,"column":31},"end":{"line":52,"column":null}},"loc":{"start":{"line":56,"column":4},"end":{"line":61,"column":1}}}},"branchMap":{"0":{"loc":{"start":{"line":23,"column":2},"end":{"line":25,"column":19}},"type":"cond-expr","locations":[{"start":{"line":24,"column":6},"end":{"line":24,"column":58}},{"start":{"line":25,"column":6},"end":{"line":25,"column":19}}]},"1":{"loc":{"start":{"line":28,"column":2},"end":{"line":31,"column":null}},"type":"if","locations":[{"start":{"line":28,"column":2},"end":{"line":31,"column":null}}]},"2":{"loc":{"start":{"line":40,"column":20},"end":{"line":40,"column":57}},"type":"cond-expr","locations":[{"start":{"line":40,"column":47},"end":{"line":40,"column":50}},{"start":{"line":40,"column":53},"end":{"line":40,"column":57}}]},"3":{"loc":{"start":{"line":42,"column":2},"end":{"line":45,"column":null}},"type":"if","locations":[{"start":{"line":42,"column":2},"end":{"line":45,"column":null}}]},"4":{"loc":{"start":{"line":57,"column":2},"end":{"line":58,"column":null}},"type":"if","locations":[{"start":{"line":57,"column":2},"end":{"line":58,"column":null}}]},"5":{"loc":{"start":{"line":59,"column":2},"end":{"line":60,"column":null}},"type":"if","locations":[{"start":{"line":59,"column":2},"end":{"line":60,"column":null}}]}},"s":{"0":3,"1":3,"2":3,"3":14,"4":3,"5":4,"6":0,"7":4,"8":3,"9":3,"10":10,"11":10,"12":10,"13":0,"14":10,"15":3,"16":3,"17":14,"18":4,"19":10,"20":10,"21":3},"f":{"0":14,"1":4,"2":10,"3":14},"b":{"0":[13,1],"1":[0],"2":[10,0],"3":[0],"4":[4],"5":[10]}}
}
