TN:
SF:src/components/LinearGradient.tsx
FN:6,(anonymous_0)
FNF:1
FNH:1
FNDA:2,(anonymous_0)
DA:1,2
DA:2,2
DA:4,2
DA:6,2
DA:12,2
DA:16,2
LF:6
LH:6
BRF:0
BRH:0
end_of_record
TN:
SF:src/components/RadialGradient.tsx
FN:6,(anonymous_0)
FNF:1
FNH:1
FNDA:2,(anonymous_0)
DA:1,2
DA:2,2
DA:4,2
DA:6,2
DA:12,2
DA:16,2
LF:6
LH:6
BRF:0
BRH:0
end_of_record
TN:
SF:src/components/Span.tsx
FN:4,(anonymous_0)
FNF:1
FNH:1
FNDA:4,(anonymous_0)
DA:1,2
DA:4,2
DA:8,4
LF:3
LH:3
BRF:0
BRH:0
end_of_record
TN:
SF:src/components/index.ts
FNF:0
FNH:0
DA:1,2
DA:2,2
LF:2
LH:2
BRF:0
BRH:0
end_of_record
TN:
SF:src/helpers/index.ts
FNF:0
FNH:0
DA:1,3
LF:1
LH:1
BRF:0
BRH:0
end_of_record
TN:
SF:src/helpers/transformGradient.ts
FN:22,(anonymous_0)
FN:27,(anonymous_1)
FN:38,(anonymous_2)
FN:52,(anonymous_3)
FNF:4
FNH:4
FNDA:14,(anonymous_0)
FNDA:4,(anonymous_1)
FNDA:10,(anonymous_2)
FNDA:14,(anonymous_3)
DA:3,3
DA:16,3
DA:22,3
DA:23,14
DA:27,3
DA:28,4
DA:29,0
DA:32,4
DA:38,3
DA:39,10
DA:40,10
DA:42,10
DA:43,0
DA:46,10
DA:52,3
DA:57,14
DA:58,4
DA:59,10
DA:60,10
LF:19
LH:17
BRDA:23,0,0,13
BRDA:23,0,1,1
BRDA:28,1,0,0
BRDA:40,2,0,10
BRDA:40,2,1,0
BRDA:42,3,0,0
BRDA:57,4,0,4
BRDA:59,5,0,10
BRF:8
BRH:5
end_of_record
